<?xml version="1.0" encoding="UTF-8"?>
<testsuite xmlns:xsi="http://www.w3.org/2001/XMLSchema-instance" xsi:noNamespaceSchemaLocation="https://maven.apache.org/surefire/maven-surefire-plugin/xsd/surefire-test-report.xsd" name="ru.bmstu.anonymizer.AppTest" time="0.035" tests="1" errors="0" skipped="0" failures="0">
  <properties>
    <property name="sun.desktop" value="windows"/>
    <property name="awt.toolkit" value="sun.awt.windows.WToolkit"/>
    <property name="file.encoding.pkg" value="sun.io"/>
    <property name="java.specification.version" value="1.8"/>
    <property name="sun.cpu.isalist" value="amd64"/>
    <property name="sun.jnu.encoding" value="Cp1252"/>
    <property name="java.class.path" value="D:\My_Code\parallel_programming\lab6\target\test-classes;D:\My_Code\parallel_programming\lab6\target\classes;C:\Users\datng\.m2\repository\junit\junit\4.11\junit-4.11.jar;C:\Users\datng\.m2\repository\org\hamcrest\hamcrest-core\1.3\hamcrest-core-1.3.jar;C:\Users\datng\.m2\repository\com\typesafe\akka\akka-actor_2.11\2.5.6\akka-actor_2.11-2.5.6.jar;C:\Users\datng\.m2\repository\org\scala-lang\scala-library\2.11.11\scala-library-2.11.11.jar;C:\Users\datng\.m2\repository\com\typesafe\config\1.3.1\config-1.3.1.jar;C:\Users\datng\.m2\repository\org\scala-lang\modules\scala-java8-compat_2.11\0.7.0\scala-java8-compat_2.11-0.7.0.jar;C:\Users\datng\.m2\repository\com\typesafe\akka\akka-slf4j_2.11\2.5.6\akka-slf4j_2.11-2.5.6.jar;C:\Users\datng\.m2\repository\org\slf4j\slf4j-api\1.7.25\slf4j-api-1.7.25.jar;C:\Users\datng\.m2\repository\com\typesafe\akka\akka-stream_2.11\2.5.6\akka-stream_2.11-2.5.6.jar;C:\Users\datng\.m2\repository\org\reactivestreams\reactive-streams\1.0.1\reactive-streams-1.0.1.jar;C:\Users\datng\.m2\repository\com\typesafe\ssl-config-core_2.11\0.2.2\ssl-config-core_2.11-0.2.2.jar;C:\Users\datng\.m2\repository\org\scala-lang\modules\scala-parser-combinators_2.11\1.0.4\scala-parser-combinators_2.11-1.0.4.jar;C:\Users\datng\.m2\repository\com\typesafe\akka\akka-stream-testkit_2.11\2.5.6\akka-stream-testkit_2.11-2.5.6.jar;C:\Users\datng\.m2\repository\com\typesafe\akka\akka-testkit_2.11\2.5.6\akka-testkit_2.11-2.5.6.jar;C:\Users\datng\.m2\repository\com\typesafe\akka\akka-http-core_2.11\10.0.10\akka-http-core_2.11-10.0.10.jar;C:\Users\datng\.m2\repository\com\typesafe\akka\akka-parsing_2.11\10.0.10\akka-parsing_2.11-10.0.10.jar;C:\Users\datng\.m2\repository\com\typesafe\akka\akka-http_2.11\10.0.10\akka-http_2.11-10.0.10.jar;C:\Users\datng\.m2\repository\com\typesafe\akka\akka-http-testkit_2.11\10.0.10\akka-http-testkit_2.11-10.0.10.jar;C:\Users\datng\.m2\repository\com\typesafe\akka\akka-http-spray-json_2.11\10.0.10\akka-http-spray-json_2.11-10.0.10.jar;C:\Users\datng\.m2\repository\io\spray\spray-json_2.11\1.3.3\spray-json_2.11-1.3.3.jar;C:\Users\datng\.m2\repository\com\typesafe\akka\akka-http-jackson_2.11\10.0.10\akka-http-jackson_2.11-10.0.10.jar;C:\Users\datng\.m2\repository\com\fasterxml\jackson\core\jackson-databind\2.8.8\jackson-databind-2.8.8.jar;C:\Users\datng\.m2\repository\com\fasterxml\jackson\core\jackson-annotations\2.8.0\jackson-annotations-2.8.0.jar;C:\Users\datng\.m2\repository\com\fasterxml\jackson\core\jackson-core\2.8.8\jackson-core-2.8.8.jar;C:\Users\datng\.m2\repository\com\typesafe\akka\akka-http-xml_2.11\10.0.10\akka-http-xml_2.11-10.0.10.jar;C:\Users\datng\.m2\repository\org\scala-lang\modules\scala-xml_2.11\1.0.6\scala-xml_2.11-1.0.6.jar;C:\Users\datng\.m2\repository\org\apache\zookeeper\zookeeper\3.6.2\zookeeper-3.6.2.jar;C:\Users\datng\.m2\repository\commons-lang\commons-lang\2.6\commons-lang-2.6.jar;C:\Users\datng\.m2\repository\org\apache\zookeeper\zookeeper-jute\3.6.2\zookeeper-jute-3.6.2.jar;C:\Users\datng\.m2\repository\org\apache\yetus\audience-annotations\0.5.0\audience-annotations-0.5.0.jar;C:\Users\datng\.m2\repository\io\netty\netty-handler\4.1.50.Final\netty-handler-4.1.50.Final.jar;C:\Users\datng\.m2\repository\io\netty\netty-common\4.1.50.Final\netty-common-4.1.50.Final.jar;C:\Users\datng\.m2\repository\io\netty\netty-resolver\4.1.50.Final\netty-resolver-4.1.50.Final.jar;C:\Users\datng\.m2\repository\io\netty\netty-buffer\4.1.50.Final\netty-buffer-4.1.50.Final.jar;C:\Users\datng\.m2\repository\io\netty\netty-transport\4.1.50.Final\netty-transport-4.1.50.Final.jar;C:\Users\datng\.m2\repository\io\netty\netty-codec\4.1.50.Final\netty-codec-4.1.50.Final.jar;C:\Users\datng\.m2\repository\io\netty\netty-transport-native-epoll\4.1.50.Final\netty-transport-native-epoll-4.1.50.Final.jar;C:\Users\datng\.m2\repository\io\netty\netty-transport-native-unix-common\4.1.50.Final\netty-transport-native-unix-common-4.1.50.Final.jar;C:\Users\datng\.m2\repository\org\slf4j\slf4j-log4j12\1.7.25\slf4j-log4j12-1.7.25.jar;C:\Users\datng\.m2\repository\log4j\log4j\1.2.17\log4j-1.2.17.jar;"/>
    <property name="java.vm.vendor" value="Oracle Corporation"/>
    <property name="sun.arch.data.model" value="64"/>
    <property name="user.variant" value=""/>
    <property name="java.vendor.url" value="http://java.oracle.com/"/>
    <property name="user.timezone" value="Europe/Moscow"/>
    <property name="java.vm.specification.version" value="1.8"/>
    <property name="os.name" value="Windows 10"/>
    <property name="user.country" value="US"/>
    <property name="sun.java.launcher" value="SUN_STANDARD"/>
    <property name="sun.boot.library.path" value="C:\Java\jdk1.8.0_261\jre\bin"/>
    <property name="sun.java.command" value="C:\Users\datng\AppData\Local\Temp\surefire2762452116074837860\surefirebooter3271182330193132951.jar C:\Users\datng\AppData\Local\Temp\surefire2762452116074837860 2020-12-02T13-07-01_709-jvmRun1 surefire5413538804002757587tmp surefire_0553702289433767979tmp"/>
    <property name="surefire.test.class.path" value="D:\My_Code\parallel_programming\lab6\target\test-classes;D:\My_Code\parallel_programming\lab6\target\classes;C:\Users\datng\.m2\repository\junit\junit\4.11\junit-4.11.jar;C:\Users\datng\.m2\repository\org\hamcrest\hamcrest-core\1.3\hamcrest-core-1.3.jar;C:\Users\datng\.m2\repository\com\typesafe\akka\akka-actor_2.11\2.5.6\akka-actor_2.11-2.5.6.jar;C:\Users\datng\.m2\repository\org\scala-lang\scala-library\2.11.11\scala-library-2.11.11.jar;C:\Users\datng\.m2\repository\com\typesafe\config\1.3.1\config-1.3.1.jar;C:\Users\datng\.m2\repository\org\scala-lang\modules\scala-java8-compat_2.11\0.7.0\scala-java8-compat_2.11-0.7.0.jar;C:\Users\datng\.m2\repository\com\typesafe\akka\akka-slf4j_2.11\2.5.6\akka-slf4j_2.11-2.5.6.jar;C:\Users\datng\.m2\repository\org\slf4j\slf4j-api\1.7.25\slf4j-api-1.7.25.jar;C:\Users\datng\.m2\repository\com\typesafe\akka\akka-stream_2.11\2.5.6\akka-stream_2.11-2.5.6.jar;C:\Users\datng\.m2\repository\org\reactivestreams\reactive-streams\1.0.1\reactive-streams-1.0.1.jar;C:\Users\datng\.m2\repository\com\typesafe\ssl-config-core_2.11\0.2.2\ssl-config-core_2.11-0.2.2.jar;C:\Users\datng\.m2\repository\org\scala-lang\modules\scala-parser-combinators_2.11\1.0.4\scala-parser-combinators_2.11-1.0.4.jar;C:\Users\datng\.m2\repository\com\typesafe\akka\akka-stream-testkit_2.11\2.5.6\akka-stream-testkit_2.11-2.5.6.jar;C:\Users\datng\.m2\repository\com\typesafe\akka\akka-testkit_2.11\2.5.6\akka-testkit_2.11-2.5.6.jar;C:\Users\datng\.m2\repository\com\typesafe\akka\akka-http-core_2.11\10.0.10\akka-http-core_2.11-10.0.10.jar;C:\Users\datng\.m2\repository\com\typesafe\akka\akka-parsing_2.11\10.0.10\akka-parsing_2.11-10.0.10.jar;C:\Users\datng\.m2\repository\com\typesafe\akka\akka-http_2.11\10.0.10\akka-http_2.11-10.0.10.jar;C:\Users\datng\.m2\repository\com\typesafe\akka\akka-http-testkit_2.11\10.0.10\akka-http-testkit_2.11-10.0.10.jar;C:\Users\datng\.m2\repository\com\typesafe\akka\akka-http-spray-json_2.11\10.0.10\akka-http-spray-json_2.11-10.0.10.jar;C:\Users\datng\.m2\repository\io\spray\spray-json_2.11\1.3.3\spray-json_2.11-1.3.3.jar;C:\Users\datng\.m2\repository\com\typesafe\akka\akka-http-jackson_2.11\10.0.10\akka-http-jackson_2.11-10.0.10.jar;C:\Users\datng\.m2\repository\com\fasterxml\jackson\core\jackson-databind\2.8.8\jackson-databind-2.8.8.jar;C:\Users\datng\.m2\repository\com\fasterxml\jackson\core\jackson-annotations\2.8.0\jackson-annotations-2.8.0.jar;C:\Users\datng\.m2\repository\com\fasterxml\jackson\core\jackson-core\2.8.8\jackson-core-2.8.8.jar;C:\Users\datng\.m2\repository\com\typesafe\akka\akka-http-xml_2.11\10.0.10\akka-http-xml_2.11-10.0.10.jar;C:\Users\datng\.m2\repository\org\scala-lang\modules\scala-xml_2.11\1.0.6\scala-xml_2.11-1.0.6.jar;C:\Users\datng\.m2\repository\org\apache\zookeeper\zookeeper\3.6.2\zookeeper-3.6.2.jar;C:\Users\datng\.m2\repository\commons-lang\commons-lang\2.6\commons-lang-2.6.jar;C:\Users\datng\.m2\repository\org\apache\zookeeper\zookeeper-jute\3.6.2\zookeeper-jute-3.6.2.jar;C:\Users\datng\.m2\repository\org\apache\yetus\audience-annotations\0.5.0\audience-annotations-0.5.0.jar;C:\Users\datng\.m2\repository\io\netty\netty-handler\4.1.50.Final\netty-handler-4.1.50.Final.jar;C:\Users\datng\.m2\repository\io\netty\netty-common\4.1.50.Final\netty-common-4.1.50.Final.jar;C:\Users\datng\.m2\repository\io\netty\netty-resolver\4.1.50.Final\netty-resolver-4.1.50.Final.jar;C:\Users\datng\.m2\repository\io\netty\netty-buffer\4.1.50.Final\netty-buffer-4.1.50.Final.jar;C:\Users\datng\.m2\repository\io\netty\netty-transport\4.1.50.Final\netty-transport-4.1.50.Final.jar;C:\Users\datng\.m2\repository\io\netty\netty-codec\4.1.50.Final\netty-codec-4.1.50.Final.jar;C:\Users\datng\.m2\repository\io\netty\netty-transport-native-epoll\4.1.50.Final\netty-transport-native-epoll-4.1.50.Final.jar;C:\Users\datng\.m2\repository\io\netty\netty-transport-native-unix-common\4.1.50.Final\netty-transport-native-unix-common-4.1.50.Final.jar;C:\Users\datng\.m2\repository\org\slf4j\slf4j-log4j12\1.7.25\slf4j-log4j12-1.7.25.jar;C:\Users\datng\.m2\repository\log4j\log4j\1.2.17\log4j-1.2.17.jar;"/>
    <property name="sun.cpu.endian" value="little"/>
    <property name="user.home" value="C:\Users\datng"/>
    <property name="user.language" value="en"/>
    <property name="java.specification.vendor" value="Oracle Corporation"/>
    <property name="java.home" value="C:\Java\jdk1.8.0_261\jre"/>
    <property name="basedir" value="D:\My_Code\parallel_programming\lab6"/>
    <property name="file.separator" value="\"/>
    <property name="line.separator" value="&#10;"/>
    <property name="java.vm.specification.vendor" value="Oracle Corporation"/>
    <property name="java.specification.name" value="Java Platform API Specification"/>
    <property name="java.awt.graphicsenv" value="sun.awt.Win32GraphicsEnvironment"/>
    <property name="surefire.real.class.path" value="C:\Users\datng\AppData\Local\Temp\surefire2762452116074837860\surefirebooter3271182330193132951.jar"/>
    <property name="sun.boot.class.path" value="C:\Java\jdk1.8.0_261\jre\lib\resources.jar;C:\Java\jdk1.8.0_261\jre\lib\rt.jar;C:\Java\jdk1.8.0_261\jre\lib\sunrsasign.jar;C:\Java\jdk1.8.0_261\jre\lib\jsse.jar;C:\Java\jdk1.8.0_261\jre\lib\jce.jar;C:\Java\jdk1.8.0_261\jre\lib\charsets.jar;C:\Java\jdk1.8.0_261\jre\lib\jfr.jar;C:\Java\jdk1.8.0_261\jre\classes"/>
    <property name="user.script" value=""/>
    <property name="sun.management.compiler" value="HotSpot 64-Bit Tiered Compilers"/>
    <property name="java.runtime.version" value="1.8.0_261-b12"/>
    <property name="user.name" value="datng"/>
    <property name="path.separator" value=";"/>
    <property name="os.version" value="10.0"/>
    <property name="java.endorsed.dirs" value="C:\Java\jdk1.8.0_261\jre\lib\endorsed"/>
    <property name="java.runtime.name" value="Java(TM) SE Runtime Environment"/>
    <property name="file.encoding" value="Cp1252"/>
    <property name="java.vm.name" value="Java HotSpot(TM) 64-Bit Server VM"/>
    <property name="localRepository" value="C:\Users\datng\.m2\repository"/>
    <property name="java.vendor.url.bug" value="http://bugreport.sun.com/bugreport/"/>
    <property name="java.io.tmpdir" value="C:\Users\datng\AppData\Local\Temp\"/>
    <property name="java.version" value="1.8.0_261"/>
    <property name="user.dir" value="D:\My_Code\parallel_programming\lab6"/>
    <property name="os.arch" value="amd64"/>
    <property name="java.vm.specification.name" value="Java Virtual Machine Specification"/>
    <property name="java.awt.printerjob" value="sun.awt.windows.WPrinterJob"/>
    <property name="sun.os.patch.level" value=""/>
    <property name="java.library.path" value="C:\Java\jdk1.8.0_261\jre\bin;C:\WINDOWS\Sun\Java\bin;C:\WINDOWS\system32;C:\WINDOWS;C:\Program Files (x86)\Common Files\Oracle\Java\javapath;C:\Program Files\NVIDIA GPU Computing Toolkit\CUDA\v10.1\bin;C:\Program Files\NVIDIA GPU Computing Toolkit\CUDA\v10.1\libnvvp;D:\Anaconda\Scripts\;D:\Anaconda\;C:\Windows\system32;C:\Windows;C:\Windows\System32\Wbem;C:\Windows\System32\WindowsPowerShell\v1.0\;C:\Windows\System32\OpenSSH\;D:\Git\cmd;C:\Program Files\nodejs\;D:\Go\bin;C:\TDM-GCC-64\bin;D:\nasm;D:\emu8086\MyBuild;D:\WindowKit\Windows Performance Toolkit\;D:\Python38-32\Scripts\;D:\Python38-32\;C:\Program Files\NVIDIA Corporation\NVIDIA NvDLISR;C:\Program Files\NVIDIA GPU Computing Toolkit\CUDA\v10.1\extras\CUPTI\lib64;C:\Program Files\NVIDIA GPU Computing Toolkit\CUDA\v10.1\include;D:\cuda\bin;C:\Program Files\NVIDIA Corporation\Nsight Compute 2019.4.0\;C:\Program Files (x86)\NVIDIA Corporation\PhysX\Common;;C:\WINDOWS\system32;C:\WINDOWS;C:\WINDOWS\System32\Wbem;C:\WINDOWS\System32\WindowsPowerShell\v1.0\;C:\WINDOWS\System32\OpenSSH\;D:\;C:\Program Files (x86)\Microsoft SQL Server\150\DTS\Binn\;C:\Program Files\Azure Data Studio\bin;C:\Program Files\Microsoft SQL Server\Client SDK\ODBC\170\Tools\Binn\;C:\Program Files (x86)\Microsoft SQL Server\150\Tools\Binn\;C:\Program Files\Microsoft SQL Server\150\Tools\Binn\;C:\Program Files\Microsoft SQL Server\150\DTS\Binn\;D:\Anaconda;D:\Anaconda\Library\mingw-w64\bin;D:\Anaconda\Library\usr\bin;D:\Anaconda\Library\bin;D:\Anaconda\Scripts;C:\Users\datng\AppData\Local\Microsoft\WindowsApps;C:\Users\datng\AppData\Local\atom\bin;C:\Users\datng\AppData\Roaming\npm;C:\TDM-GCC-64\bin;C:\Users\datng\go\bin;D:\emu8086\MyBuild\;D:\RosBE\bin;D:\Python38-32;D:\Python38-32\Library\mingw-w64\bin;D:\Python38-32\Library\usr\bin;D:\Python38-32\Library\bin;D:\Python38-32\Scripts;C:\Users\datng\AppData\Local\Microsoft\WindowsApps;D:\hadoop-3.1.0\bin;C:\Java\jdk1.8.0_261\bin;D:\apache-maven-3.6.3\bin;D:\IntelliJ IDEA Community Edition 2020.2.3\bin;;D:\Spark\spark-2.4.7-bin-hadoop2.7\bin;C:\Program Files\Azure Data Studio\bin;D:\zookeeper\apache-zookeeper-3.6.2-bin\bin;;."/>
    <property name="java.vm.info" value="mixed mode"/>
    <property name="java.vendor" value="Oracle Corporation"/>
    <property name="java.vm.version" value="25.261-b12"/>
    <property name="java.ext.dirs" value="C:\Java\jdk1.8.0_261\jre\lib\ext;C:\WINDOWS\Sun\Java\lib\ext"/>
    <property name="sun.io.unicode.encoding" value="UnicodeLittle"/>
    <property name="java.class.version" value="52.0"/>
  </properties>
  <testcase name="shouldAnswerWithTrue" classname="ru.bmstu.anonymizer.AppTest" time="0.002"/>
</testsuite>