<?xml version="1.0" encoding="UTF-8"?>
<testsuite xmlns:xsi="http://www.w3.org/2001/XMLSchema-instance" xsi:noNamespaceSchemaLocation="https://maven.apache.org/surefire/maven-surefire-plugin/xsd/surefire-test-report.xsd" name="ru.bmstu.app.AppTest" time="0.046" tests="1" errors="0" skipped="0" failures="0">
  <properties>
    <property name="sun.desktop" value="windows"/>
    <property name="awt.toolkit" value="sun.awt.windows.WToolkit"/>
    <property name="file.encoding.pkg" value="sun.io"/>
    <property name="java.specification.version" value="1.8"/>
    <property name="sun.cpu.isalist" value="amd64"/>
    <property name="sun.jnu.encoding" value="Cp1252"/>
    <property name="java.class.path" value="D:\My_Code\parallel_programming\lab1\target\test-classes;D:\My_Code\parallel_programming\lab1\target\classes;C:\Users\datng\.m2\repository\junit\junit\4.11\junit-4.11.jar;C:\Users\datng\.m2\repository\org\hamcrest\hamcrest-core\1.3\hamcrest-core-1.3.jar;C:\Users\datng\.m2\repository\org\apache\hadoop\hadoop-hdfs\3.1.0\hadoop-hdfs-3.1.0.jar;C:\Users\datng\.m2\repository\com\google\guava\guava\11.0.2\guava-11.0.2.jar;C:\Users\datng\.m2\repository\org\eclipse\jetty\jetty-server\9.3.19.v20170502\jetty-server-9.3.19.v20170502.jar;C:\Users\datng\.m2\repository\org\eclipse\jetty\jetty-http\9.3.19.v20170502\jetty-http-9.3.19.v20170502.jar;C:\Users\datng\.m2\repository\org\eclipse\jetty\jetty-io\9.3.19.v20170502\jetty-io-9.3.19.v20170502.jar;C:\Users\datng\.m2\repository\org\eclipse\jetty\jetty-util\9.3.19.v20170502\jetty-util-9.3.19.v20170502.jar;C:\Users\datng\.m2\repository\org\eclipse\jetty\jetty-util-ajax\9.3.19.v20170502\jetty-util-ajax-9.3.19.v20170502.jar;C:\Users\datng\.m2\repository\com\sun\jersey\jersey-core\1.19\jersey-core-1.19.jar;C:\Users\datng\.m2\repository\javax\ws\rs\jsr311-api\1.1.1\jsr311-api-1.1.1.jar;C:\Users\datng\.m2\repository\com\sun\jersey\jersey-server\1.19\jersey-server-1.19.jar;C:\Users\datng\.m2\repository\commons-cli\commons-cli\1.2\commons-cli-1.2.jar;C:\Users\datng\.m2\repository\commons-codec\commons-codec\1.11\commons-codec-1.11.jar;C:\Users\datng\.m2\repository\commons-io\commons-io\2.5\commons-io-2.5.jar;C:\Users\datng\.m2\repository\commons-lang\commons-lang\2.6\commons-lang-2.6.jar;C:\Users\datng\.m2\repository\commons-logging\commons-logging\1.1.3\commons-logging-1.1.3.jar;C:\Users\datng\.m2\repository\commons-daemon\commons-daemon\1.0.13\commons-daemon-1.0.13.jar;C:\Users\datng\.m2\repository\log4j\log4j\1.2.17\log4j-1.2.17.jar;C:\Users\datng\.m2\repository\com\google\protobuf\protobuf-java\2.5.0\protobuf-java-2.5.0.jar;C:\Users\datng\.m2\repository\javax\servlet\javax.servlet-api\3.1.0\javax.servlet-api-3.1.0.jar;C:\Users\datng\.m2\repository\io\netty\netty\3.10.5.Final\netty-3.10.5.Final.jar;C:\Users\datng\.m2\repository\io\netty\netty-all\4.0.52.Final\netty-all-4.0.52.Final.jar;C:\Users\datng\.m2\repository\org\apache\htrace\htrace-core4\4.1.0-incubating\htrace-core4-4.1.0-incubating.jar;C:\Users\datng\.m2\repository\org\fusesource\leveldbjni\leveldbjni-all\1.8\leveldbjni-all-1.8.jar;C:\Users\datng\.m2\repository\com\fasterxml\jackson\core\jackson-databind\2.7.8\jackson-databind-2.7.8.jar;C:\Users\datng\.m2\repository\com\fasterxml\jackson\core\jackson-annotations\2.7.0\jackson-annotations-2.7.0.jar;C:\Users\datng\.m2\repository\com\fasterxml\jackson\core\jackson-core\2.7.8\jackson-core-2.7.8.jar;C:\Users\datng\.m2\repository\org\apache\hadoop\hadoop-common\3.1.0\hadoop-common-3.1.0.jar;C:\Users\datng\.m2\repository\org\apache\hadoop\hadoop-annotations\3.1.0\hadoop-annotations-3.1.0.jar;C:\Java\jdk1.8.0_261\jre\..\lib\tools.jar;C:\Users\datng\.m2\repository\org\apache\commons\commons-math3\3.1.1\commons-math3-3.1.1.jar;C:\Users\datng\.m2\repository\org\apache\httpcomponents\httpclient\4.5.2\httpclient-4.5.2.jar;C:\Users\datng\.m2\repository\org\apache\httpcomponents\httpcore\4.4.4\httpcore-4.4.4.jar;C:\Users\datng\.m2\repository\commons-net\commons-net\3.6\commons-net-3.6.jar;C:\Users\datng\.m2\repository\commons-collections\commons-collections\3.2.2\commons-collections-3.2.2.jar;C:\Users\datng\.m2\repository\org\eclipse\jetty\jetty-servlet\9.3.19.v20170502\jetty-servlet-9.3.19.v20170502.jar;C:\Users\datng\.m2\repository\org\eclipse\jetty\jetty-security\9.3.19.v20170502\jetty-security-9.3.19.v20170502.jar;C:\Users\datng\.m2\repository\org\eclipse\jetty\jetty-webapp\9.3.19.v20170502\jetty-webapp-9.3.19.v20170502.jar;C:\Users\datng\.m2\repository\org\eclipse\jetty\jetty-xml\9.3.19.v20170502\jetty-xml-9.3.19.v20170502.jar;C:\Users\datng\.m2\repository\javax\servlet\jsp\jsp-api\2.1\jsp-api-2.1.jar;C:\Users\datng\.m2\repository\com\sun\jersey\jersey-servlet\1.19\jersey-servlet-1.19.jar;C:\Users\datng\.m2\repository\com\sun\jersey\jersey-json\1.19\jersey-json-1.19.jar;C:\Users\datng\.m2\repository\org\codehaus\jettison\jettison\1.1\jettison-1.1.jar;C:\Users\datng\.m2\repository\com\sun\xml\bind\jaxb-impl\2.2.3-1\jaxb-impl-2.2.3-1.jar;C:\Users\datng\.m2\repository\javax\xml\bind\jaxb-api\2.2.2\jaxb-api-2.2.2.jar;C:\Users\datng\.m2\repository\javax\xml\stream\stax-api\1.0-2\stax-api-1.0-2.jar;C:\Users\datng\.m2\repository\javax\activation\activation\1.1\activation-1.1.jar;C:\Users\datng\.m2\repository\org\codehaus\jackson\jackson-core-asl\1.9.2\jackson-core-asl-1.9.2.jar;C:\Users\datng\.m2\repository\org\codehaus\jackson\jackson-jaxrs\1.9.2\jackson-jaxrs-1.9.2.jar;C:\Users\datng\.m2\repository\org\codehaus\jackson\jackson-xc\1.9.2\jackson-xc-1.9.2.jar;C:\Users\datng\.m2\repository\commons-beanutils\commons-beanutils\1.9.3\commons-beanutils-1.9.3.jar;C:\Users\datng\.m2\repository\org\apache\commons\commons-configuration2\2.1.1\commons-configuration2-2.1.1.jar;C:\Users\datng\.m2\repository\org\apache\commons\commons-lang3\3.4\commons-lang3-3.4.jar;C:\Users\datng\.m2\repository\org\slf4j\slf4j-api\1.7.25\slf4j-api-1.7.25.jar;C:\Users\datng\.m2\repository\org\slf4j\slf4j-log4j12\1.7.25\slf4j-log4j12-1.7.25.jar;C:\Users\datng\.m2\repository\org\apache\avro\avro\1.7.7\avro-1.7.7.jar;C:\Users\datng\.m2\repository\com\thoughtworks\paranamer\paranamer\2.3\paranamer-2.3.jar;C:\Users\datng\.m2\repository\org\xerial\snappy\snappy-java\1.0.5\snappy-java-1.0.5.jar;C:\Users\datng\.m2\repository\com\google\re2j\re2j\1.1\re2j-1.1.jar;C:\Users\datng\.m2\repository\com\google\code\gson\gson\2.2.4\gson-2.2.4.jar;C:\Users\datng\.m2\repository\org\apache\hadoop\hadoop-auth\3.1.0\hadoop-auth-3.1.0.jar;C:\Users\datng\.m2\repository\com\nimbusds\nimbus-jose-jwt\4.41.1\nimbus-jose-jwt-4.41.1.jar;C:\Users\datng\.m2\repository\com\github\stephenc\jcip\jcip-annotations\1.0-1\jcip-annotations-1.0-1.jar;C:\Users\datng\.m2\repository\net\minidev\json-smart\2.3\json-smart-2.3.jar;C:\Users\datng\.m2\repository\net\minidev\accessors-smart\1.2\accessors-smart-1.2.jar;C:\Users\datng\.m2\repository\org\ow2\asm\asm\5.0.4\asm-5.0.4.jar;C:\Users\datng\.m2\repository\org\apache\curator\curator-framework\2.12.0\curator-framework-2.12.0.jar;C:\Users\datng\.m2\repository\com\jcraft\jsch\0.1.54\jsch-0.1.54.jar;C:\Users\datng\.m2\repository\org\apache\curator\curator-client\2.12.0\curator-client-2.12.0.jar;C:\Users\datng\.m2\repository\org\apache\curator\curator-recipes\2.12.0\curator-recipes-2.12.0.jar;C:\Users\datng\.m2\repository\com\google\code\findbugs\jsr305\3.0.0\jsr305-3.0.0.jar;C:\Users\datng\.m2\repository\org\apache\zookeeper\zookeeper\3.4.9\zookeeper-3.4.9.jar;C:\Users\datng\.m2\repository\jline\jline\0.9.94\jline-0.9.94.jar;C:\Users\datng\.m2\repository\org\apache\commons\commons-compress\1.4.1\commons-compress-1.4.1.jar;C:\Users\datng\.m2\repository\org\tukaani\xz\1.0\xz-1.0.jar;C:\Users\datng\.m2\repository\org\apache\kerby\kerb-simplekdc\1.0.1\kerb-simplekdc-1.0.1.jar;C:\Users\datng\.m2\repository\org\apache\kerby\kerb-client\1.0.1\kerb-client-1.0.1.jar;C:\Users\datng\.m2\repository\org\apache\kerby\kerby-config\1.0.1\kerby-config-1.0.1.jar;C:\Users\datng\.m2\repository\org\apache\kerby\kerb-core\1.0.1\kerb-core-1.0.1.jar;C:\Users\datng\.m2\repository\org\apache\kerby\kerby-pkix\1.0.1\kerby-pkix-1.0.1.jar;C:\Users\datng\.m2\repository\org\apache\kerby\kerby-asn1\1.0.1\kerby-asn1-1.0.1.jar;C:\Users\datng\.m2\repository\org\apache\kerby\kerby-util\1.0.1\kerby-util-1.0.1.jar;C:\Users\datng\.m2\repository\org\apache\kerby\kerb-common\1.0.1\kerb-common-1.0.1.jar;C:\Users\datng\.m2\repository\org\apache\kerby\kerb-crypto\1.0.1\kerb-crypto-1.0.1.jar;C:\Users\datng\.m2\repository\org\apache\kerby\kerb-util\1.0.1\kerb-util-1.0.1.jar;C:\Users\datng\.m2\repository\org\apache\kerby\token-provider\1.0.1\token-provider-1.0.1.jar;C:\Users\datng\.m2\repository\org\apache\kerby\kerb-admin\1.0.1\kerb-admin-1.0.1.jar;C:\Users\datng\.m2\repository\org\apache\kerby\kerb-server\1.0.1\kerb-server-1.0.1.jar;C:\Users\datng\.m2\repository\org\apache\kerby\kerb-identity\1.0.1\kerb-identity-1.0.1.jar;C:\Users\datng\.m2\repository\org\apache\kerby\kerby-xdr\1.0.1\kerby-xdr-1.0.1.jar;C:\Users\datng\.m2\repository\org\codehaus\woodstox\stax2-api\3.1.4\stax2-api-3.1.4.jar;C:\Users\datng\.m2\repository\com\fasterxml\woodstox\woodstox-core\5.0.3\woodstox-core-5.0.3.jar;C:\Users\datng\.m2\repository\org\apache\hadoop\hadoop-core\1.2.1\hadoop-core-1.2.1.jar;C:\Users\datng\.m2\repository\xmlenc\xmlenc\0.52\xmlenc-0.52.jar;C:\Users\datng\.m2\repository\commons-httpclient\commons-httpclient\3.0.1\commons-httpclient-3.0.1.jar;C:\Users\datng\.m2\repository\org\apache\commons\commons-math\2.1\commons-math-2.1.jar;C:\Users\datng\.m2\repository\commons-configuration\commons-configuration\1.6\commons-configuration-1.6.jar;C:\Users\datng\.m2\repository\commons-digester\commons-digester\1.8\commons-digester-1.8.jar;C:\Users\datng\.m2\repository\commons-beanutils\commons-beanutils-core\1.8.0\commons-beanutils-core-1.8.0.jar;C:\Users\datng\.m2\repository\org\mortbay\jetty\jetty\6.1.26\jetty-6.1.26.jar;C:\Users\datng\.m2\repository\org\mortbay\jetty\servlet-api\2.5-20081211\servlet-api-2.5-20081211.jar;C:\Users\datng\.m2\repository\org\mortbay\jetty\jetty-util\6.1.26\jetty-util-6.1.26.jar;C:\Users\datng\.m2\repository\tomcat\jasper-runtime\5.5.12\jasper-runtime-5.5.12.jar;C:\Users\datng\.m2\repository\tomcat\jasper-compiler\5.5.12\jasper-compiler-5.5.12.jar;C:\Users\datng\.m2\repository\org\mortbay\jetty\jsp-api-2.1\6.1.14\jsp-api-2.1-6.1.14.jar;C:\Users\datng\.m2\repository\org\mortbay\jetty\servlet-api-2.5\6.1.14\servlet-api-2.5-6.1.14.jar;C:\Users\datng\.m2\repository\org\mortbay\jetty\jsp-2.1\6.1.14\jsp-2.1-6.1.14.jar;C:\Users\datng\.m2\repository\ant\ant\1.6.5\ant-1.6.5.jar;C:\Users\datng\.m2\repository\commons-el\commons-el\1.0\commons-el-1.0.jar;C:\Users\datng\.m2\repository\net\java\dev\jets3t\jets3t\0.6.1\jets3t-0.6.1.jar;C:\Users\datng\.m2\repository\hsqldb\hsqldb\1.8.0.10\hsqldb-1.8.0.10.jar;C:\Users\datng\.m2\repository\oro\oro\2.0.8\oro-2.0.8.jar;C:\Users\datng\.m2\repository\org\eclipse\jdt\core\3.1.1\core-3.1.1.jar;C:\Users\datng\.m2\repository\org\codehaus\jackson\jackson-mapper-asl\1.8.8\jackson-mapper-asl-1.8.8.jar;"/>
    <property name="java.vm.vendor" value="Oracle Corporation"/>
    <property name="sun.arch.data.model" value="64"/>
    <property name="user.variant" value=""/>
    <property name="java.vendor.url" value="http://java.oracle.com/"/>
    <property name="user.timezone" value="Europe/Moscow"/>
    <property name="java.vm.specification.version" value="1.8"/>
    <property name="os.name" value="Windows 10"/>
    <property name="user.country" value="US"/>
    <property name="sun.java.launcher" value="SUN_STANDARD"/>
    <property name="sun.boot.library.path" value="C:\Java\jdk1.8.0_261\jre\bin"/>
    <property name="sun.java.command" value="C:\Users\datng\AppData\Local\Temp\surefire1994277117530060039\surefirebooter8105031673108272767.jar C:\Users\datng\AppData\Local\Temp\surefire1994277117530060039 2020-10-02T19-00-08_864-jvmRun1 surefire3260620568575878729tmp surefire_05539750333981928824tmp"/>
    <property name="surefire.test.class.path" value="D:\My_Code\parallel_programming\lab1\target\test-classes;D:\My_Code\parallel_programming\lab1\target\classes;C:\Users\datng\.m2\repository\junit\junit\4.11\junit-4.11.jar;C:\Users\datng\.m2\repository\org\hamcrest\hamcrest-core\1.3\hamcrest-core-1.3.jar;C:\Users\datng\.m2\repository\org\apache\hadoop\hadoop-hdfs\3.1.0\hadoop-hdfs-3.1.0.jar;C:\Users\datng\.m2\repository\com\google\guava\guava\11.0.2\guava-11.0.2.jar;C:\Users\datng\.m2\repository\org\eclipse\jetty\jetty-server\9.3.19.v20170502\jetty-server-9.3.19.v20170502.jar;C:\Users\datng\.m2\repository\org\eclipse\jetty\jetty-http\9.3.19.v20170502\jetty-http-9.3.19.v20170502.jar;C:\Users\datng\.m2\repository\org\eclipse\jetty\jetty-io\9.3.19.v20170502\jetty-io-9.3.19.v20170502.jar;C:\Users\datng\.m2\repository\org\eclipse\jetty\jetty-util\9.3.19.v20170502\jetty-util-9.3.19.v20170502.jar;C:\Users\datng\.m2\repository\org\eclipse\jetty\jetty-util-ajax\9.3.19.v20170502\jetty-util-ajax-9.3.19.v20170502.jar;C:\Users\datng\.m2\repository\com\sun\jersey\jersey-core\1.19\jersey-core-1.19.jar;C:\Users\datng\.m2\repository\javax\ws\rs\jsr311-api\1.1.1\jsr311-api-1.1.1.jar;C:\Users\datng\.m2\repository\com\sun\jersey\jersey-server\1.19\jersey-server-1.19.jar;C:\Users\datng\.m2\repository\commons-cli\commons-cli\1.2\commons-cli-1.2.jar;C:\Users\datng\.m2\repository\commons-codec\commons-codec\1.11\commons-codec-1.11.jar;C:\Users\datng\.m2\repository\commons-io\commons-io\2.5\commons-io-2.5.jar;C:\Users\datng\.m2\repository\commons-lang\commons-lang\2.6\commons-lang-2.6.jar;C:\Users\datng\.m2\repository\commons-logging\commons-logging\1.1.3\commons-logging-1.1.3.jar;C:\Users\datng\.m2\repository\commons-daemon\commons-daemon\1.0.13\commons-daemon-1.0.13.jar;C:\Users\datng\.m2\repository\log4j\log4j\1.2.17\log4j-1.2.17.jar;C:\Users\datng\.m2\repository\com\google\protobuf\protobuf-java\2.5.0\protobuf-java-2.5.0.jar;C:\Users\datng\.m2\repository\javax\servlet\javax.servlet-api\3.1.0\javax.servlet-api-3.1.0.jar;C:\Users\datng\.m2\repository\io\netty\netty\3.10.5.Final\netty-3.10.5.Final.jar;C:\Users\datng\.m2\repository\io\netty\netty-all\4.0.52.Final\netty-all-4.0.52.Final.jar;C:\Users\datng\.m2\repository\org\apache\htrace\htrace-core4\4.1.0-incubating\htrace-core4-4.1.0-incubating.jar;C:\Users\datng\.m2\repository\org\fusesource\leveldbjni\leveldbjni-all\1.8\leveldbjni-all-1.8.jar;C:\Users\datng\.m2\repository\com\fasterxml\jackson\core\jackson-databind\2.7.8\jackson-databind-2.7.8.jar;C:\Users\datng\.m2\repository\com\fasterxml\jackson\core\jackson-annotations\2.7.0\jackson-annotations-2.7.0.jar;C:\Users\datng\.m2\repository\com\fasterxml\jackson\core\jackson-core\2.7.8\jackson-core-2.7.8.jar;C:\Users\datng\.m2\repository\org\apache\hadoop\hadoop-common\3.1.0\hadoop-common-3.1.0.jar;C:\Users\datng\.m2\repository\org\apache\hadoop\hadoop-annotations\3.1.0\hadoop-annotations-3.1.0.jar;C:\Java\jdk1.8.0_261\jre\..\lib\tools.jar;C:\Users\datng\.m2\repository\org\apache\commons\commons-math3\3.1.1\commons-math3-3.1.1.jar;C:\Users\datng\.m2\repository\org\apache\httpcomponents\httpclient\4.5.2\httpclient-4.5.2.jar;C:\Users\datng\.m2\repository\org\apache\httpcomponents\httpcore\4.4.4\httpcore-4.4.4.jar;C:\Users\datng\.m2\repository\commons-net\commons-net\3.6\commons-net-3.6.jar;C:\Users\datng\.m2\repository\commons-collections\commons-collections\3.2.2\commons-collections-3.2.2.jar;C:\Users\datng\.m2\repository\org\eclipse\jetty\jetty-servlet\9.3.19.v20170502\jetty-servlet-9.3.19.v20170502.jar;C:\Users\datng\.m2\repository\org\eclipse\jetty\jetty-security\9.3.19.v20170502\jetty-security-9.3.19.v20170502.jar;C:\Users\datng\.m2\repository\org\eclipse\jetty\jetty-webapp\9.3.19.v20170502\jetty-webapp-9.3.19.v20170502.jar;C:\Users\datng\.m2\repository\org\eclipse\jetty\jetty-xml\9.3.19.v20170502\jetty-xml-9.3.19.v20170502.jar;C:\Users\datng\.m2\repository\javax\servlet\jsp\jsp-api\2.1\jsp-api-2.1.jar;C:\Users\datng\.m2\repository\com\sun\jersey\jersey-servlet\1.19\jersey-servlet-1.19.jar;C:\Users\datng\.m2\repository\com\sun\jersey\jersey-json\1.19\jersey-json-1.19.jar;C:\Users\datng\.m2\repository\org\codehaus\jettison\jettison\1.1\jettison-1.1.jar;C:\Users\datng\.m2\repository\com\sun\xml\bind\jaxb-impl\2.2.3-1\jaxb-impl-2.2.3-1.jar;C:\Users\datng\.m2\repository\javax\xml\bind\jaxb-api\2.2.2\jaxb-api-2.2.2.jar;C:\Users\datng\.m2\repository\javax\xml\stream\stax-api\1.0-2\stax-api-1.0-2.jar;C:\Users\datng\.m2\repository\javax\activation\activation\1.1\activation-1.1.jar;C:\Users\datng\.m2\repository\org\codehaus\jackson\jackson-core-asl\1.9.2\jackson-core-asl-1.9.2.jar;C:\Users\datng\.m2\repository\org\codehaus\jackson\jackson-jaxrs\1.9.2\jackson-jaxrs-1.9.2.jar;C:\Users\datng\.m2\repository\org\codehaus\jackson\jackson-xc\1.9.2\jackson-xc-1.9.2.jar;C:\Users\datng\.m2\repository\commons-beanutils\commons-beanutils\1.9.3\commons-beanutils-1.9.3.jar;C:\Users\datng\.m2\repository\org\apache\commons\commons-configuration2\2.1.1\commons-configuration2-2.1.1.jar;C:\Users\datng\.m2\repository\org\apache\commons\commons-lang3\3.4\commons-lang3-3.4.jar;C:\Users\datng\.m2\repository\org\slf4j\slf4j-api\1.7.25\slf4j-api-1.7.25.jar;C:\Users\datng\.m2\repository\org\slf4j\slf4j-log4j12\1.7.25\slf4j-log4j12-1.7.25.jar;C:\Users\datng\.m2\repository\org\apache\avro\avro\1.7.7\avro-1.7.7.jar;C:\Users\datng\.m2\repository\com\thoughtworks\paranamer\paranamer\2.3\paranamer-2.3.jar;C:\Users\datng\.m2\repository\org\xerial\snappy\snappy-java\1.0.5\snappy-java-1.0.5.jar;C:\Users\datng\.m2\repository\com\google\re2j\re2j\1.1\re2j-1.1.jar;C:\Users\datng\.m2\repository\com\google\code\gson\gson\2.2.4\gson-2.2.4.jar;C:\Users\datng\.m2\repository\org\apache\hadoop\hadoop-auth\3.1.0\hadoop-auth-3.1.0.jar;C:\Users\datng\.m2\repository\com\nimbusds\nimbus-jose-jwt\4.41.1\nimbus-jose-jwt-4.41.1.jar;C:\Users\datng\.m2\repository\com\github\stephenc\jcip\jcip-annotations\1.0-1\jcip-annotations-1.0-1.jar;C:\Users\datng\.m2\repository\net\minidev\json-smart\2.3\json-smart-2.3.jar;C:\Users\datng\.m2\repository\net\minidev\accessors-smart\1.2\accessors-smart-1.2.jar;C:\Users\datng\.m2\repository\org\ow2\asm\asm\5.0.4\asm-5.0.4.jar;C:\Users\datng\.m2\repository\org\apache\curator\curator-framework\2.12.0\curator-framework-2.12.0.jar;C:\Users\datng\.m2\repository\com\jcraft\jsch\0.1.54\jsch-0.1.54.jar;C:\Users\datng\.m2\repository\org\apache\curator\curator-client\2.12.0\curator-client-2.12.0.jar;C:\Users\datng\.m2\repository\org\apache\curator\curator-recipes\2.12.0\curator-recipes-2.12.0.jar;C:\Users\datng\.m2\repository\com\google\code\findbugs\jsr305\3.0.0\jsr305-3.0.0.jar;C:\Users\datng\.m2\repository\org\apache\zookeeper\zookeeper\3.4.9\zookeeper-3.4.9.jar;C:\Users\datng\.m2\repository\jline\jline\0.9.94\jline-0.9.94.jar;C:\Users\datng\.m2\repository\org\apache\commons\commons-compress\1.4.1\commons-compress-1.4.1.jar;C:\Users\datng\.m2\repository\org\tukaani\xz\1.0\xz-1.0.jar;C:\Users\datng\.m2\repository\org\apache\kerby\kerb-simplekdc\1.0.1\kerb-simplekdc-1.0.1.jar;C:\Users\datng\.m2\repository\org\apache\kerby\kerb-client\1.0.1\kerb-client-1.0.1.jar;C:\Users\datng\.m2\repository\org\apache\kerby\kerby-config\1.0.1\kerby-config-1.0.1.jar;C:\Users\datng\.m2\repository\org\apache\kerby\kerb-core\1.0.1\kerb-core-1.0.1.jar;C:\Users\datng\.m2\repository\org\apache\kerby\kerby-pkix\1.0.1\kerby-pkix-1.0.1.jar;C:\Users\datng\.m2\repository\org\apache\kerby\kerby-asn1\1.0.1\kerby-asn1-1.0.1.jar;C:\Users\datng\.m2\repository\org\apache\kerby\kerby-util\1.0.1\kerby-util-1.0.1.jar;C:\Users\datng\.m2\repository\org\apache\kerby\kerb-common\1.0.1\kerb-common-1.0.1.jar;C:\Users\datng\.m2\repository\org\apache\kerby\kerb-crypto\1.0.1\kerb-crypto-1.0.1.jar;C:\Users\datng\.m2\repository\org\apache\kerby\kerb-util\1.0.1\kerb-util-1.0.1.jar;C:\Users\datng\.m2\repository\org\apache\kerby\token-provider\1.0.1\token-provider-1.0.1.jar;C:\Users\datng\.m2\repository\org\apache\kerby\kerb-admin\1.0.1\kerb-admin-1.0.1.jar;C:\Users\datng\.m2\repository\org\apache\kerby\kerb-server\1.0.1\kerb-server-1.0.1.jar;C:\Users\datng\.m2\repository\org\apache\kerby\kerb-identity\1.0.1\kerb-identity-1.0.1.jar;C:\Users\datng\.m2\repository\org\apache\kerby\kerby-xdr\1.0.1\kerby-xdr-1.0.1.jar;C:\Users\datng\.m2\repository\org\codehaus\woodstox\stax2-api\3.1.4\stax2-api-3.1.4.jar;C:\Users\datng\.m2\repository\com\fasterxml\woodstox\woodstox-core\5.0.3\woodstox-core-5.0.3.jar;C:\Users\datng\.m2\repository\org\apache\hadoop\hadoop-core\1.2.1\hadoop-core-1.2.1.jar;C:\Users\datng\.m2\repository\xmlenc\xmlenc\0.52\xmlenc-0.52.jar;C:\Users\datng\.m2\repository\commons-httpclient\commons-httpclient\3.0.1\commons-httpclient-3.0.1.jar;C:\Users\datng\.m2\repository\org\apache\commons\commons-math\2.1\commons-math-2.1.jar;C:\Users\datng\.m2\repository\commons-configuration\commons-configuration\1.6\commons-configuration-1.6.jar;C:\Users\datng\.m2\repository\commons-digester\commons-digester\1.8\commons-digester-1.8.jar;C:\Users\datng\.m2\repository\commons-beanutils\commons-beanutils-core\1.8.0\commons-beanutils-core-1.8.0.jar;C:\Users\datng\.m2\repository\org\mortbay\jetty\jetty\6.1.26\jetty-6.1.26.jar;C:\Users\datng\.m2\repository\org\mortbay\jetty\servlet-api\2.5-20081211\servlet-api-2.5-20081211.jar;C:\Users\datng\.m2\repository\org\mortbay\jetty\jetty-util\6.1.26\jetty-util-6.1.26.jar;C:\Users\datng\.m2\repository\tomcat\jasper-runtime\5.5.12\jasper-runtime-5.5.12.jar;C:\Users\datng\.m2\repository\tomcat\jasper-compiler\5.5.12\jasper-compiler-5.5.12.jar;C:\Users\datng\.m2\repository\org\mortbay\jetty\jsp-api-2.1\6.1.14\jsp-api-2.1-6.1.14.jar;C:\Users\datng\.m2\repository\org\mortbay\jetty\servlet-api-2.5\6.1.14\servlet-api-2.5-6.1.14.jar;C:\Users\datng\.m2\repository\org\mortbay\jetty\jsp-2.1\6.1.14\jsp-2.1-6.1.14.jar;C:\Users\datng\.m2\repository\ant\ant\1.6.5\ant-1.6.5.jar;C:\Users\datng\.m2\repository\commons-el\commons-el\1.0\commons-el-1.0.jar;C:\Users\datng\.m2\repository\net\java\dev\jets3t\jets3t\0.6.1\jets3t-0.6.1.jar;C:\Users\datng\.m2\repository\hsqldb\hsqldb\1.8.0.10\hsqldb-1.8.0.10.jar;C:\Users\datng\.m2\repository\oro\oro\2.0.8\oro-2.0.8.jar;C:\Users\datng\.m2\repository\org\eclipse\jdt\core\3.1.1\core-3.1.1.jar;C:\Users\datng\.m2\repository\org\codehaus\jackson\jackson-mapper-asl\1.8.8\jackson-mapper-asl-1.8.8.jar;"/>
    <property name="sun.cpu.endian" value="little"/>
    <property name="user.home" value="C:\Users\datng"/>
    <property name="user.language" value="en"/>
    <property name="java.specification.vendor" value="Oracle Corporation"/>
    <property name="java.home" value="C:\Java\jdk1.8.0_261\jre"/>
    <property name="basedir" value="D:\My_Code\parallel_programming\lab1"/>
    <property name="file.separator" value="\"/>
    <property name="line.separator" value="&#10;"/>
    <property name="java.vm.specification.vendor" value="Oracle Corporation"/>
    <property name="java.specification.name" value="Java Platform API Specification"/>
    <property name="java.awt.graphicsenv" value="sun.awt.Win32GraphicsEnvironment"/>
    <property name="surefire.real.class.path" value="C:\Users\datng\AppData\Local\Temp\surefire1994277117530060039\surefirebooter8105031673108272767.jar"/>
    <property name="sun.boot.class.path" value="C:\Java\jdk1.8.0_261\jre\lib\resources.jar;C:\Java\jdk1.8.0_261\jre\lib\rt.jar;C:\Java\jdk1.8.0_261\jre\lib\sunrsasign.jar;C:\Java\jdk1.8.0_261\jre\lib\jsse.jar;C:\Java\jdk1.8.0_261\jre\lib\jce.jar;C:\Java\jdk1.8.0_261\jre\lib\charsets.jar;C:\Java\jdk1.8.0_261\jre\lib\jfr.jar;C:\Java\jdk1.8.0_261\jre\classes"/>
    <property name="user.script" value=""/>
    <property name="sun.management.compiler" value="HotSpot 64-Bit Tiered Compilers"/>
    <property name="java.runtime.version" value="1.8.0_261-b12"/>
    <property name="user.name" value="datng"/>
    <property name="path.separator" value=";"/>
    <property name="os.version" value="10.0"/>
    <property name="java.endorsed.dirs" value="C:\Java\jdk1.8.0_261\jre\lib\endorsed"/>
    <property name="java.runtime.name" value="Java(TM) SE Runtime Environment"/>
    <property name="file.encoding" value="Cp1252"/>
    <property name="java.vm.name" value="Java HotSpot(TM) 64-Bit Server VM"/>
    <property name="localRepository" value="C:\Users\datng\.m2\repository"/>
    <property name="java.vendor.url.bug" value="http://bugreport.sun.com/bugreport/"/>
    <property name="java.io.tmpdir" value="C:\Users\datng\AppData\Local\Temp\"/>
    <property name="java.version" value="1.8.0_261"/>
    <property name="user.dir" value="D:\My_Code\parallel_programming\lab1"/>
    <property name="os.arch" value="amd64"/>
    <property name="java.vm.specification.name" value="Java Virtual Machine Specification"/>
    <property name="java.awt.printerjob" value="sun.awt.windows.WPrinterJob"/>
    <property name="sun.os.patch.level" value=""/>
    <property name="java.library.path" value="C:\Java\jdk1.8.0_261\jre\bin;C:\WINDOWS\Sun\Java\bin;C:\WINDOWS\system32;C:\WINDOWS;C:\Program Files (x86)\Common Files\Oracle\Java\javapath;C:\Program Files\NVIDIA GPU Computing Toolkit\CUDA\v10.1\bin;C:\Program Files\NVIDIA GPU Computing Toolkit\CUDA\v10.1\libnvvp;D:\Anaconda\Scripts\;D:\Anaconda\;C:\Windows\system32;C:\Windows;C:\Windows\System32\Wbem;C:\Windows\System32\WindowsPowerShell\v1.0\;C:\Windows\System32\OpenSSH\;D:\Git\cmd;C:\Program Files\nodejs\;D:\Go\bin;C:\TDM-GCC-64\bin;D:\nasm;D:\emu8086\MyBuild;D:\WindowKit\Windows Performance Toolkit\;D:\Python38-32\Scripts\;D:\Python38-32\;C:\Program Files\NVIDIA Corporation\NVIDIA NvDLISR;C:\Program Files\NVIDIA GPU Computing Toolkit\CUDA\v10.1\extras\CUPTI\lib64;C:\Program Files\NVIDIA GPU Computing Toolkit\CUDA\v10.1\include;D:\cuda\bin;C:\Program Files\NVIDIA Corporation\Nsight Compute 2019.4.0\;C:\Program Files (x86)\NVIDIA Corporation\PhysX\Common;;C:\WINDOWS\system32;C:\WINDOWS;C:\WINDOWS\System32\Wbem;C:\WINDOWS\System32\WindowsPowerShell\v1.0\;C:\WINDOWS\System32\OpenSSH\;D:\;D:\Anaconda;D:\Anaconda\Library\mingw-w64\bin;D:\Anaconda\Library\usr\bin;D:\Anaconda\Library\bin;D:\Anaconda\Scripts;C:\Users\datng\AppData\Local\Microsoft\WindowsApps;C:\Users\datng\AppData\Local\atom\bin;C:\Users\datng\AppData\Roaming\npm;C:\TDM-GCC-64\bin;C:\Users\datng\go\bin;D:\emu8086\MyBuild\;D:\RosBE\bin;D:\Python38-32;D:\Python38-32\Library\mingw-w64\bin;D:\Python38-32\Library\usr\bin;D:\Python38-32\Library\bin;D:\Python38-32\Scripts;C:\Users\datng\AppData\Local\Microsoft\WindowsApps;D:\hadoop-3.1.0\bin;C:\Java\jdk1.8.0_261\bin;D:\apache-maven-3.6.3\bin;;."/>
    <property name="java.vm.info" value="mixed mode"/>
    <property name="java.vendor" value="Oracle Corporation"/>
    <property name="java.vm.version" value="25.261-b12"/>
    <property name="java.ext.dirs" value="C:\Java\jdk1.8.0_261\jre\lib\ext;C:\WINDOWS\Sun\Java\lib\ext"/>
    <property name="sun.io.unicode.encoding" value="UnicodeLittle"/>
    <property name="java.class.version" value="52.0"/>
  </properties>
  <testcase name="shouldAnswerWithTrue" classname="ru.bmstu.app.AppTest" time="0.003"/>
</testsuite>